DiagnosticsPlugin.exe Information: 0 : [2016-02-10 22:07:11] Starting DiagnosticPlugin.exe DiagnosticPlugin-ShutdownEvent DiagnosticPlugin-TotalShutdownEvent -wadVer1v4
DiagnosticsPlugin.exe Error: 0 : [2016-02-10 22:07:11] Failed to save IIS Directory state
DiagnosticsPlugin.exe Error: 0 : [2016-02-10 22:07:11] System.Runtime.InteropServices.COMException (0x80040154): Pobranie fabryki klasy COM dla składnika o identyfikatorze CLSID {2B72133B-3F5B-4602-8952-803546CE3344} nie powiodło się z powodu następującego błędu: 80040154 Klasa niezarejestrowana. (Wyjątek od HRESULT: 0x80040154 (REGDB_E_CLASSNOTREG)).
   w System.Runtime.Remoting.RemotingServices.AllocateUninitializedObject(RuntimeType objectType)
   w System.Runtime.Remoting.Activation.ActivationServices.CreateInstance(RuntimeType serverType)
   w System.Runtime.Remoting.Activation.ActivationServices.IsCurrentContextOK(RuntimeType serverType, Object[] props, Boolean bNewObj)
   w System.RuntimeTypeHandle.CreateInstance(RuntimeType type, Boolean publicOnly, Boolean noCheck, Boolean& canBeCached, RuntimeMethodHandleInternal& ctor, Boolean& bNeedSecurityCheck)
   w System.RuntimeType.CreateInstanceSlow(Boolean publicOnly, Boolean skipCheckThis, Boolean fillCache, StackCrawlMark& stackMark)
   w System.Activator.CreateInstance[T]()
   w Microsoft.Web.Administration.ConfigurationManager.CreateAdminManager[TClass,TInterface](WebConfigurationMap webConfigMap, Boolean isAdminConfig)
   w Microsoft.Web.Administration.ConfigurationManager.CreateConfiguration(WebConfigurationMap configMap, String configPathToEdit, Boolean isAdminConfig)
   w Microsoft.Web.Administration.ConfigurationManager.GetConfiguration(String rawConfigurationPath, String cacheKey, Boolean isAdminConfig)
   w Microsoft.Web.Administration.ServerManager.get_SitesSection()
   w Microsoft.Web.Administration.ServerManager.get_Sites()
   w Microsoft.Azure.Plugins.Plugin.DiagnosticsPluginManager.SaveIISDirectoryState()
DiagnosticsPlugin.exe Information: 0 : [2016-02-10 22:07:11] Starting DiagnosticsPlugin
DiagnosticsPlugin.exe Information: 0 : [2016-02-10 22:07:11] Emulator config file set to C:\Users\Jakub\OneDrive\Projekt Grupowy\quoridor-projekt-grupowy\QuoridorServer\QuoridorServer\csx\Debug\roles\QuoridorService\approot\diagnostics.wadcfgx
DiagnosticsPlugin.exe Information: 0 : [2016-02-10 22:07:11] DiagnosticsStoreRootPath set to: C:\Users\Jakub\AppData\Local\dftmp\Resources\a26876c8-879d-4abe-92fc-1639667640b4
DiagnosticsPlugin.exe Information: 0 : [2016-02-10 22:07:11] Loading config file: C:\Users\Jakub\OneDrive\Projekt Grupowy\quoridor-projekt-grupowy\QuoridorServer\QuoridorServer\csx\Debug\roles\QuoridorService\approot\diagnostics.wadcfgx
DiagnosticsPlugin.exe Information: 0 : [2016-02-10 22:07:11] Checking VM Type
DiagnosticsPlugin.exe Information: 0 : [2016-02-10 22:07:11] Emulator config file set to C:\Users\Jakub\OneDrive\Projekt Grupowy\quoridor-projekt-grupowy\QuoridorServer\QuoridorServer\csx\Debug\roles\QuoridorService\approot\diagnostics.wadcfgx
DiagnosticsPlugin.exe Information: 0 : [2016-02-10 22:07:11] Extension set to Emulator Mode
DiagnosticsPlugin.exe Information: 0 : [2016-02-10 22:07:11] Reading XML configuration file
DiagnosticsPlugin.exe Information: 0 : [2016-02-10 22:07:11] Bypassing private config decryption
DiagnosticsPlugin.exe Information: 0 : [2016-02-10 22:07:11] WadCfg is provided in initial configuration. Using that to initialize Diagnostics.
DiagnosticsPlugin.exe Information: 0 : [2016-02-10 22:07:11] <PublicConfig xmlns="http://schemas.microsoft.com/ServiceHosting/2010/10/DiagnosticsConfiguration">
  <WadCfg>
    <DiagnosticMonitorConfiguration overallQuotaInMB="4096">
      <DiagnosticInfrastructureLogs scheduledTransferLogLevelFilter="Error" />
      <Logs scheduledTransferPeriod="PT1M" scheduledTransferLogLevelFilter="Error" />
      <Directories scheduledTransferPeriod="PT1M">
        <IISLogs containerName="wad-iis-logfiles" />
        <FailedRequestLogs containerName="wad-failedrequestlogs" />
      </Directories>
      <WindowsEventLog scheduledTransferPeriod="PT1M">
        <DataSource name="Application!*" />
      </WindowsEventLog>
      <CrashDumps containerName="wad-crashdumps" dumpType="Mini">
        <CrashDumpConfiguration processName="WaIISHost.exe" />
        <CrashDumpConfiguration processName="WaWorkerHost.exe" />
        <CrashDumpConfiguration processName="w3wp.exe" />
      </CrashDumps>
      <PerformanceCounters scheduledTransferPeriod="PT1M">
        <PerformanceCounterConfiguration counterSpecifier="\Memory\Available MBytes" sampleRate="PT3M" />
        <PerformanceCounterConfiguration counterSpecifier="\Web Service(_Total)\ISAPI Extension Requests/sec" sampleRate="PT3M" />
        <PerformanceCounterConfiguration counterSpecifier="\Web Service(_Total)\Bytes Total/Sec" sampleRate="PT3M" />
        <PerformanceCounterConfiguration counterSpecifier="\ASP.NET Applications(__Total__)\Requests/Sec" sampleRate="PT3M" />
        <PerformanceCounterConfiguration counterSpecifier="\ASP.NET Applications(__Total__)\Errors Total/Sec" sampleRate="PT3M" />
        <PerformanceCounterConfiguration counterSpecifier="\ASP.NET\Requests Queued" sampleRate="PT3M" />
        <PerformanceCounterConfiguration counterSpecifier="\ASP.NET\Requests Rejected" sampleRate="PT3M" />
        <PerformanceCounterConfiguration counterSpecifier="\Processor(_Total)\% Processor Time" sampleRate="PT3M" />
      </PerformanceCounters>
    </DiagnosticMonitorConfiguration>
  </WadCfg>
  <StorageAccount>devstoreaccount1</StorageAccount>
</PublicConfig>
DiagnosticsPlugin.exe Information: 0 : [2016-02-10 22:07:11] Private setting is loaded
DiagnosticsPlugin.exe Information: 0 : [2016-02-10 22:07:11] Successfully created checkpoint file C:\Users\Jakub\AppData\Local\dftmp\Resources\a26876c8-879d-4abe-92fc-1639667640b4\WAD0104\Configuration\Checkpoint.txt
DiagnosticsPlugin.exe Information: 0 : [2016-02-10 22:07:11] Will use local resource directory C:\Users\Jakub\AppData\Local\dftmp\Resources\a26876c8-879d-4abe-92fc-1639667640b4\WAD0104
DiagnosticsPlugin.exe Information: 0 : [2016-02-10 22:07:11] Will use endpoint https://core.windows.net for storage.
DiagnosticsPlugin.exe Error: 0 : [2016-02-10 22:07:12] Exception in creating the ServerManager; is IIS installed?
 Error:System.Runtime.InteropServices.COMException (0x80040154): Pobranie fabryki klasy COM dla składnika o identyfikatorze CLSID {2B72133B-3F5B-4602-8952-803546CE3344} nie powiodło się z powodu następującego błędu: 80040154 Klasa niezarejestrowana. (Wyjątek od HRESULT: 0x80040154 (REGDB_E_CLASSNOTREG)).
   w System.Runtime.Remoting.RemotingServices.AllocateUninitializedObject(RuntimeType objectType)
   w System.Runtime.Remoting.Activation.ActivationServices.CreateInstance(RuntimeType serverType)
   w System.Runtime.Remoting.Activation.ActivationServices.IsCurrentContextOK(RuntimeType serverType, Object[] props, Boolean bNewObj)
   w System.RuntimeTypeHandle.CreateInstance(RuntimeType type, Boolean publicOnly, Boolean noCheck, Boolean& canBeCached, RuntimeMethodHandleInternal& ctor, Boolean& bNeedSecurityCheck)
   w System.RuntimeType.CreateInstanceSlow(Boolean publicOnly, Boolean skipCheckThis, Boolean fillCache, StackCrawlMark& stackMark)
   w System.Activator.CreateInstance[T]()
   w Microsoft.Web.Administration.ConfigurationManager.CreateAdminManager[TClass,TInterface](WebConfigurationMap webConfigMap, Boolean isAdminConfig)
   w Microsoft.Web.Administration.ConfigurationManager.CreateConfiguration(WebConfigurationMap configMap, String configPathToEdit, Boolean isAdminConfig)
   w Microsoft.Web.Administration.ConfigurationManager.GetConfiguration(String rawConfigurationPath, String cacheKey, Boolean isAdminConfig)
   w Microsoft.Web.Administration.ServerManager.get_SitesSection()
   w Microsoft.Web.Administration.ServerManager.get_Sites()
   w Microsoft.Azure.Plugins.Plugin.WadConfigProcessor.AddDirectories(EventsType mdsEvents, Directories wadDirectories)
DiagnosticsPlugin.exe Information: 0 : [2016-02-10 22:07:12] Running in emulator mode, crash dumps not enabled
DiagnosticsPlugin.exe Information: 0 : [2016-02-10 22:07:12] In emulator mode and using devstore updating XStoreAccount info, command line args: -LocalPath "C:\Users\Jakub\AppData\Local\dftmp\Resources\a26876c8-879d-4abe-92fc-1639667640b4\WAD0104"  -ConfigFile "C:\Users\Jakub\AppData\Local\dftmp\Resources\a26876c8-879d-4abe-92fc-1639667640b4\WAD0104\Configuration\MaConfig.xml" -ShutDownEvent WADDM-ShutDown-81864ae12cf04875ac15c0a46c9d39a2  -TotalShutDownEvent WADDM-TotalShutDown-81864ae12cf04875ac15c0a46c9d39a2 -InitializedEvent WADM-StartUp-81864ae12cf04875ac15c0a46c9d39a2 -parent 23848 -events -wadVer1v4 -UseProxyServer -XStoreAccounts WadAccount#true#devstoreaccount1#Eby8vdM02xNOcqFlqUwJPLlmEtlCDXJ1OUzFT50uSRZ6IFsuFq2UVErCz4I6tq/K1SZFPTOtr/KBHBeksoGMGw==#http://127.0.0.1:10002#http://127.0.0.1:10001#http://127.0.0.1:10000
